<!DOCTYPE html PUBLIC "-//W3C//DTD XHTML 1.1//EN" "https://www.w3.org/TR/xhtml11/DTD/xhtml11.dtd">
<html xmlns="https://www.w3.org/1999/xhtml">
<head>
<meta http-equiv="content-type" content="text/html; charset=UTF-8"/>
<title>TestNG Report</title>
<style type="text/css">table {margin-bottom:10px;border-collapse:collapse;empty-cells:show}th,td {border:1px solid #009;padding:.25em .5em}th {vertical-align:bottom}td {vertical-align:top}table a {font-weight:bold}.stripe td {background-color: #E6EBF9}.num {text-align:right}.passedodd td {background-color: #3F3}.passedeven td {background-color: #0A0}.skippedodd td {background-color: #DDD}.skippedeven td {background-color: #CCC}.failedodd td,.attn {background-color: #F33}.failedeven td,.stripe .attn {background-color: #D00}.stacktrace {white-space:pre;font-family:monospace}.totop {font-size:85%;text-align:center;border-bottom:2px solid #000}.invisible {display:none}</style>
</head>
<body>
<table>
<tr><th>Test</th><th># Passed</th><th># Skipped</th><th># Retried</th><th># Failed</th><th>Time (ms)</th><th>Included Groups</th><th>Excluded Groups</th></tr>
<tr><th colspan="8">Parallel Test Suite</th></tr>
<tr><td><a href="#t0">Chrome Test</a></td><td class="num">3</td><td class="num">0</td><td class="num">0</td><td class="num">0</td><td class="num">51,018</td><td></td><td></td></tr>
<tr class="stripe"><td><a href="#t1">Firefox Test</a></td><td class="num">2</td><td class="num">0</td><td class="num">0</td><td class="num attn">1</td><td class="num">60,833</td><td></td><td></td></tr>
<tr><td><a href="#t2">Microsoft Edge Test</a></td><td class="num">3</td><td class="num">0</td><td class="num">0</td><td class="num">0</td><td class="num">45,239</td><td></td><td></td></tr>
<tr class="stripe"><td><a href="#t3">IE Test</a></td><td class="num">1</td><td class="num">0</td><td class="num">0</td><td class="num attn">2</td><td class="num">49,679</td><td></td><td></td></tr>
<tr><th>Total</th><th class="num">9</th><th class="num">0</th><th class="num">0</th><th class="num attn">3</th><th class="num">206,769</th><th colspan="2"></th></tr>
</table>
<table id='summary'><thead><tr><th>Class</th><th>Method</th><th>Start</th><th>Time (ms)</th></tr></thead><tbody><tr><th colspan="4">Parallel Test Suite</th></tr></tbody><tbody id="t0"><tr><th colspan="4">Chrome Test &#8212; passed</th></tr><tr class="passedeven"><td rowspan="1">lambdatestjava.LambdaTestJava</td><td><a href="#m0">testScenario1</a></td><td rowspan="1">1673250437364</td><td rowspan="1">6348</td></tr><tr class="passedodd"><td rowspan="1">lambdatestjava.LambdaTestJava2</td><td><a href="#m1">testScenario2</a></td><td rowspan="1">1673250408383</td><td rowspan="1">6004</td></tr><tr class="passedeven"><td rowspan="1">lambdatestjava.LambdaTestJava3</td><td><a href="#m2">testScenario3</a></td><td rowspan="1">1673250409368</td><td rowspan="1">15315</td></tr></tbody>
<tbody id="t1"><tr><th colspan="4">Firefox Test &#8212; failed</th></tr><tr class="failedeven"><td rowspan="1">lambdatestjava.LambdaTestJava3</td><td><a href="#m3">testScenario3</a></td><td rowspan="1">1673250458057</td><td rowspan="1">20023</td></tr><tr><th colspan="4">Firefox Test &#8212; passed</th></tr><tr class="passedeven"><td rowspan="1">lambdatestjava.LambdaTestJava</td><td><a href="#m4">testScenario1</a></td><td rowspan="1">1673250495999</td><td rowspan="1">7672</td></tr><tr class="passedodd"><td rowspan="1">lambdatestjava.LambdaTestJava2</td><td><a href="#m5">testScenario2</a></td><td rowspan="1">1673250467742</td><td rowspan="1">6867</td></tr></tbody>
<tbody id="t2"><tr><th colspan="4">Microsoft Edge Test &#8212; passed</th></tr><tr class="passedeven"><td rowspan="1">lambdatestjava.LambdaTestJava</td><td><a href="#m6">testScenario1</a></td><td rowspan="1">1673250528766</td><td rowspan="1">5476</td></tr><tr class="passedodd"><td rowspan="1">lambdatestjava.LambdaTestJava2</td><td><a href="#m7">testScenario2</a></td><td rowspan="1">1673250518332</td><td rowspan="1">4721</td></tr><tr class="passedeven"><td rowspan="1">lambdatestjava.LambdaTestJava3</td><td><a href="#m8">testScenario3</a></td><td rowspan="1">1673250535933</td><td rowspan="1">13927</td></tr></tbody>
<tbody id="t3"><tr><th colspan="4">IE Test &#8212; failed</th></tr><tr class="failedeven"><td rowspan="1">lambdatestjava.LambdaTestJava2</td><td><a href="#m9">testScenario2</a></td><td rowspan="1">1673250593441</td><td rowspan="1">6305</td></tr><tr class="failedodd"><td rowspan="1">lambdatestjava.LambdaTestJava3</td><td><a href="#m10">testScenario3</a></td><td rowspan="1">1673250573302</td><td rowspan="1">6067</td></tr><tr><th colspan="4">IE Test &#8212; passed</th></tr><tr class="passedeven"><td rowspan="1">lambdatestjava.LambdaTestJava</td><td><a href="#m11">testScenario1</a></td><td rowspan="1">1673250563274</td><td rowspan="1">10389</td></tr></tbody>
</table>
<h2>Chrome Test</h2><h3 id="m0">lambdatestjava.LambdaTestJava#testScenario1</h3><table class="result"><tr><th class="invisible"/></tr></table><p class="totop"><a href="#summary">back to summary</a></p>
<h3 id="m1">lambdatestjava.LambdaTestJava2#testScenario2</h3><table class="result"><tr><th class="invisible"/></tr></table><p class="totop"><a href="#summary">back to summary</a></p>
<h3 id="m2">lambdatestjava.LambdaTestJava3#testScenario3</h3><table class="result"><tr><th class="invisible"/></tr></table><p class="totop"><a href="#summary">back to summary</a></p>
<h2>Firefox Test</h2><h3 id="m3">lambdatestjava.LambdaTestJava3#testScenario3</h3><table class="result"><tr><th>Exception</th></tr><tr><td><div class="stacktrace">org.testng.internal.thread.ThreadTimeoutException: Method lambdatestjava.LambdaTestJava3.testScenario3() didn&apos;t finish within the time-out 20000
	at java.base/java.util.concurrent.ThreadPoolExecutor.runWorker(ThreadPoolExecutor.java:1130)
	at java.base/java.util.concurrent.ThreadPoolExecutor$Worker.run(ThreadPoolExecutor.java:630)
	at java.base/java.lang.Thread.run(Thread.java:832)
... Removed 9 stack frames</div></td></tr></table><p class="totop"><a href="#summary">back to summary</a></p>
<h3 id="m4">lambdatestjava.LambdaTestJava#testScenario1</h3><table class="result"><tr><th class="invisible"/></tr></table><p class="totop"><a href="#summary">back to summary</a></p>
<h3 id="m5">lambdatestjava.LambdaTestJava2#testScenario2</h3><table class="result"><tr><th class="invisible"/></tr></table><p class="totop"><a href="#summary">back to summary</a></p>
<h2>Microsoft Edge Test</h2><h3 id="m6">lambdatestjava.LambdaTestJava#testScenario1</h3><table class="result"><tr><th class="invisible"/></tr></table><p class="totop"><a href="#summary">back to summary</a></p>
<h3 id="m7">lambdatestjava.LambdaTestJava2#testScenario2</h3><table class="result"><tr><th class="invisible"/></tr></table><p class="totop"><a href="#summary">back to summary</a></p>
<h3 id="m8">lambdatestjava.LambdaTestJava3#testScenario3</h3><table class="result"><tr><th class="invisible"/></tr></table><p class="totop"><a href="#summary">back to summary</a></p>
<h2>IE Test</h2><h3 id="m9">lambdatestjava.LambdaTestJava2#testScenario2</h3><table class="result"><tr><th>Exception</th></tr><tr><td><div class="stacktrace">java.lang.AssertionError: expected [95] but found [51]
	at lambdatestjava.LambdaTestJava2.testScenario2(LambdaTestJava2.java:76)
	at java.base/java.util.concurrent.ThreadPoolExecutor.runWorker(ThreadPoolExecutor.java:1130)
	at java.base/java.util.concurrent.ThreadPoolExecutor$Worker.run(ThreadPoolExecutor.java:630)
	at java.base/java.lang.Thread.run(Thread.java:832)
... Removed 23 stack frames</div></td></tr></table><p class="totop"><a href="#summary">back to summary</a></p>
<h3 id="m10">lambdatestjava.LambdaTestJava3#testScenario3</h3><table class="result"><tr><th>Exception</th></tr><tr><td><div class="stacktrace">java.lang.AssertionError: expected [Please fill out this field.] but found [This is a required field]
	at lambdatestjava.LambdaTestJava3.testScenario3(LambdaTestJava3.java:60)
	at java.base/java.util.concurrent.ThreadPoolExecutor.runWorker(ThreadPoolExecutor.java:1130)
	at java.base/java.util.concurrent.ThreadPoolExecutor$Worker.run(ThreadPoolExecutor.java:630)
	at java.base/java.lang.Thread.run(Thread.java:832)
... Removed 23 stack frames</div></td></tr></table><p class="totop"><a href="#summary">back to summary</a></p>
<h3 id="m11">lambdatestjava.LambdaTestJava#testScenario1</h3><table class="result"><tr><th class="invisible"/></tr></table><p class="totop"><a href="#summary">back to summary</a></p>
</body>
</html>
